<?xml version="1.0" encoding="UTF-8"?>
<!-- Generated by org.testng.reporters.JUnitReportReporter -->
<testsuite hostname="lavanyas-MacBook-Pro.local" failures="0" tests="1" name="com.WeighGame.scripts.ExecutingScripts" time="7.509" errors="0" timestamp="2021-04-25T23:41:51 PDT" skipped="0">
  <testcase classname="com.WeighGame.scripts.ExecutingScripts" name="testValues" time="7.509"/>
  <system-out/>
</testsuite> <!-- com.WeighGame.scripts.ExecutingScripts -->
